<?xml version="1.0" encoding="UTF-8"?>
<testsuite xmlns:xsi="http://www.w3.org/2001/XMLSchema-instance" xsi:noNamespaceSchemaLocation="https://maven.apache.org/surefire/maven-surefire-plugin/xsd/surefire-test-report.xsd" name="NumerosRomanosTest" time="0.006" tests="24" errors="0" skipped="0" failures="0">
  <properties>
    <property name="sun.desktop" value="windows"/>
    <property name="awt.toolkit" value="sun.awt.windows.WToolkit"/>
    <property name="java.specification.version" value="11"/>
    <property name="sun.cpu.isalist" value="amd64"/>
    <property name="sun.jnu.encoding" value="Cp1252"/>
    <property name="java.class.path" value="D:\Proyectos\Java\java_tdd_junit5\target\test-classes;D:\Proyectos\Java\java_tdd_junit5\target\classes;C:\Users\imorochi\.m2\repository\org\junit\jupiter\junit-jupiter\5.8.2\junit-jupiter-5.8.2.jar;C:\Users\imorochi\.m2\repository\org\junit\jupiter\junit-jupiter-api\5.8.2\junit-jupiter-api-5.8.2.jar;C:\Users\imorochi\.m2\repository\org\opentest4j\opentest4j\1.2.0\opentest4j-1.2.0.jar;C:\Users\imorochi\.m2\repository\org\junit\platform\junit-platform-commons\1.8.2\junit-platform-commons-1.8.2.jar;C:\Users\imorochi\.m2\repository\org\apiguardian\apiguardian-api\1.1.2\apiguardian-api-1.1.2.jar;C:\Users\imorochi\.m2\repository\org\junit\jupiter\junit-jupiter-params\5.8.2\junit-jupiter-params-5.8.2.jar;C:\Users\imorochi\.m2\repository\org\junit\jupiter\junit-jupiter-engine\5.8.2\junit-jupiter-engine-5.8.2.jar;C:\Users\imorochi\.m2\repository\org\junit\platform\junit-platform-engine\1.8.2\junit-platform-engine-1.8.2.jar;"/>
    <property name="java.vm.vendor" value="JetBrains s.r.o"/>
    <property name="sun.arch.data.model" value="64"/>
    <property name="user.variant" value=""/>
    <property name="java.vendor.url" value="https://www.jetbrains.com/"/>
    <property name="user.timezone" value="America/La_Paz"/>
    <property name="java.vm.specification.version" value="11"/>
    <property name="os.name" value="Windows 10"/>
    <property name="sun.java.launcher" value="SUN_STANDARD"/>
    <property name="user.country" value="MX"/>
    <property name="sun.boot.library.path" value="C:\Program Files\JetBrains\IntelliJ IDEA 2019.3\jbr\bin"/>
    <property name="sun.java.command" value="C:\Users\imorochi\AppData\Local\Temp\surefire16481467418294727144\surefirebooter9227881318117349389.jar C:\Users\imorochi\AppData\Local\Temp\surefire16481467418294727144 2022-05-08T18-31-46_311-jvmRun1 surefire12638691405258420923tmp surefire_0385517446746348916tmp"/>
    <property name="jdk.debug" value="release"/>
    <property name="surefire.test.class.path" value="D:\Proyectos\Java\java_tdd_junit5\target\test-classes;D:\Proyectos\Java\java_tdd_junit5\target\classes;C:\Users\imorochi\.m2\repository\org\junit\jupiter\junit-jupiter\5.8.2\junit-jupiter-5.8.2.jar;C:\Users\imorochi\.m2\repository\org\junit\jupiter\junit-jupiter-api\5.8.2\junit-jupiter-api-5.8.2.jar;C:\Users\imorochi\.m2\repository\org\opentest4j\opentest4j\1.2.0\opentest4j-1.2.0.jar;C:\Users\imorochi\.m2\repository\org\junit\platform\junit-platform-commons\1.8.2\junit-platform-commons-1.8.2.jar;C:\Users\imorochi\.m2\repository\org\apiguardian\apiguardian-api\1.1.2\apiguardian-api-1.1.2.jar;C:\Users\imorochi\.m2\repository\org\junit\jupiter\junit-jupiter-params\5.8.2\junit-jupiter-params-5.8.2.jar;C:\Users\imorochi\.m2\repository\org\junit\jupiter\junit-jupiter-engine\5.8.2\junit-jupiter-engine-5.8.2.jar;C:\Users\imorochi\.m2\repository\org\junit\platform\junit-platform-engine\1.8.2\junit-platform-engine-1.8.2.jar;"/>
    <property name="sun.cpu.endian" value="little"/>
    <property name="user.home" value="C:\Users\imorochi"/>
    <property name="user.language" value="es"/>
    <property name="java.specification.vendor" value="Oracle Corporation"/>
    <property name="java.version.date" value="2019-07-16"/>
    <property name="java.home" value="C:\Program Files\JetBrains\IntelliJ IDEA 2019.3\jbr"/>
    <property name="file.separator" value="\"/>
    <property name="basedir" value="D:\Proyectos\Java\java_tdd_junit5"/>
    <property name="java.vm.compressedOopsMode" value="Zero based"/>
    <property name="line.separator" value="&#10;"/>
    <property name="java.specification.name" value="Java Platform API Specification"/>
    <property name="java.vm.specification.vendor" value="Oracle Corporation"/>
    <property name="java.awt.graphicsenv" value="sun.awt.Win32GraphicsEnvironment"/>
    <property name="surefire.real.class.path" value="C:\Users\imorochi\AppData\Local\Temp\surefire16481467418294727144\surefirebooter9227881318117349389.jar"/>
    <property name="user.script" value=""/>
    <property name="sun.management.compiler" value="HotSpot 64-Bit Tiered Compilers"/>
    <property name="java.runtime.version" value="11.0.4+10-b520.11"/>
    <property name="user.name" value="imorochi"/>
    <property name="path.separator" value=";"/>
    <property name="os.version" value="10.0"/>
    <property name="java.runtime.name" value="OpenJDK Runtime Environment"/>
    <property name="file.encoding" value="Cp1252"/>
    <property name="java.vm.name" value="OpenJDK 64-Bit Server VM"/>
    <property name="localRepository" value="C:\Users\imorochi\.m2\repository"/>
    <property name="java.vendor.url.bug" value="https://youtrack.jetbrains.com"/>
    <property name="java.io.tmpdir" value="C:\Users\imorochi\AppData\Local\Temp\"/>
    <property name="java.version" value="11.0.4"/>
    <property name="user.dir" value="D:\Proyectos\Java\java_tdd_junit5"/>
    <property name="os.arch" value="amd64"/>
    <property name="java.vm.specification.name" value="Java Virtual Machine Specification"/>
    <property name="java.awt.printerjob" value="sun.awt.windows.WPrinterJob"/>
    <property name="sun.os.patch.level" value=""/>
    <property name="java.library.path" value="C:\Program Files\JetBrains\IntelliJ IDEA 2019.3\jbr\bin;C:\WINDOWS\Sun\Java\bin;C:\WINDOWS\system32;C:\WINDOWS;C:\WINDOWS;C:\WINDOWS\system32;C:\WINDOWS\System32\Wbem;C:\WINDOWS\System32\WindowsPowerShell\v1.0\;C:\Program Files\Git\cmd;C:\Users\imorochi\AppData\Roaming\nvm;C:\Program Files\nodejs;C:\WINDOWS\System32\OpenSSH\;C:\Users\imorochi\AppData\Local\Microsoft\WindowsApps;C:\Program Files\JetBrains\IntelliJ IDEA 2019.3\bin;;C:\Users\imorochi\AppData\Local\Programs\Microsoft VS Code\bin;C:\Users\imorochi\AppData\Roaming\nvm;C:\Program Files\nodejs;;."/>
    <property name="java.vendor" value="JetBrains s.r.o"/>
    <property name="java.vm.info" value="mixed mode, sharing"/>
    <property name="java.vm.version" value="11.0.4+10-b520.11"/>
    <property name="idea.version2019.3" value="true"/>
    <property name="sun.io.unicode.encoding" value="UnicodeLittle"/>
    <property name="java.class.version" value="55.0"/>
  </properties>
  <testcase name="pasar2Aromanos" classname="NumerosRomanosTest" time="0"/>
  <testcase name="pasar10Aromanos" classname="NumerosRomanosTest" time="0"/>
  <testcase name="pasar9Aromanos" classname="NumerosRomanosTest" time="0.002"/>
  <testcase name="pasar17Aromanos" classname="NumerosRomanosTest" time="0"/>
  <testcase name="verificarRomanos" classname="NumerosRomanosTest" time="0"/>
  <testcase name="pasar4Aromanos" classname="NumerosRomanosTest" time="0"/>
  <testcase name="pasar12Aromanos" classname="NumerosRomanosTest" time="0"/>
  <testcase name="verificarDecimalesRomanos" classname="NumerosRomanosTest" time="0"/>
  <testcase name="verificarVeintenaNumeroRomanos" classname="NumerosRomanosTest" time="0.001"/>
  <testcase name="pasar19Aromanos" classname="NumerosRomanosTest" time="0"/>
  <testcase name="verificarTreintenaNumeroRomanos" classname="NumerosRomanosTest" time="0"/>
  <testcase name="pasar6Aromanos" classname="NumerosRomanosTest" time="0"/>
  <testcase name="pasar14Aromanos" classname="NumerosRomanosTest" time="0"/>
  <testcase name="pasar1Aromanos" classname="NumerosRomanosTest" time="0"/>
  <testcase name="pasar8Aromanos" classname="NumerosRomanosTest" time="0"/>
  <testcase name="pasar16Aromanos" classname="NumerosRomanosTest" time="0"/>
  <testcase name="pasar3Aromanos" classname="NumerosRomanosTest" time="0"/>
  <testcase name="pasar11Aromanos" classname="NumerosRomanosTest" time="0"/>
  <testcase name="pasar18Aromanos" classname="NumerosRomanosTest" time="0"/>
  <testcase name="pasar5Aromanos" classname="NumerosRomanosTest" time="0"/>
  <testcase name="pasar13Aromanos" classname="NumerosRomanosTest" time="0"/>
  <testcase name="pasar7Aromanos" classname="NumerosRomanosTest" time="0.001"/>
  <testcase name="pasar15Aromanos" classname="NumerosRomanosTest" time="0"/>
  <testcase name="pasar20Aromanos" classname="NumerosRomanosTest" time="0"/>
</testsuite>